2024-02-26 21:15:11,823 [INFO] Activator:176 - 


2024-02-26 21:15:11,832 [INFO] Activator:177 - !SESSION log4j initialized
2024-02-26 21:15:23,718 [INFO] LogOutputStream:77 - [STDOUT_REDIRECT] 
2024-02-26 21:15:25,875 [INFO] ApplicationProperties:184 - Using Application install path: C:\ST\STM32CubeIDE_1.13.2\STM32CubeIDE\plugins\com.st.stm32cube.common.mx_6.10.0.202311202037
2024-02-26 21:15:25,907 [INFO] DbMcusXml:78 - Set database path to: C:\ST\STM32CubeIDE_1.13.2\STM32CubeIDE\plugins\com.st.stm32cube.common.mx_6.10.0.202311202037\\db\/mcu/
2024-02-26 21:15:25,907 [INFO] ApiDb:274 - Set plugin database path to: C:\ST\STM32CubeIDE_1.13.2\STM32CubeIDE\plugins\com.st.stm32cube.common.mx_6.10.0.202311202037\\db\/plugins/boardmanager/
2024-02-26 21:15:25,908 [WARN] ApiDb:259 - Overriding images path with different value:  => C:\ST\STM32CubeIDE_1.13.2\STM32CubeIDE\plugins\com.st.stm32cube.common.mx_6.10.0.202311202037\\db\/plugins/mcufinder/images/
2024-02-26 21:15:25,925 [INFO] ApiDb:250 - Set database path to: C:\Users\non55\.stmcufinder\plugins\mcufinder//mcu/
2024-02-26 21:15:25,927 [INFO] DbMcusAds:125 - Set database path to: C:\Users\non55\.stmcufinder\plugins\mcufinder//mcu/
2024-02-26 21:15:25,931 [INFO] CrossReferenceDbSqlite:203 - Set database path to: C:\Users\non55\.stmcufinder\plugins\mcufinder//mcu/cs/
2024-02-26 21:15:26,130 [INFO] RulesReader:64 - Compatibility file has been processed (297 Rules)
2024-02-26 21:15:26,292 [INFO] DbMcusXml:78 - Set database path to: C:\ST\STM32CubeIDE_1.13.2\STM32CubeIDE\plugins\com.st.stm32cube.common.mx_6.10.0.202311202037\\db\/mcu/
2024-02-26 21:15:26,293 [INFO] ApiDb:274 - Set plugin database path to: C:\ST\STM32CubeIDE_1.13.2\STM32CubeIDE\plugins\com.st.stm32cube.common.mx_6.10.0.202311202037\\db\/plugins/boardmanager/
2024-02-26 21:15:26,293 [INFO] ApiDb:261 - Set plugin images path to: C:\ST\STM32CubeIDE_1.13.2\STM32CubeIDE\plugins\com.st.stm32cube.common.mx_6.10.0.202311202037\\db\/plugins/mcufinder/images/
2024-02-26 21:15:26,293 [WARN] DbFile:41 - Overriding database path with different value: C:\Users\non55\.stmcufinder\plugins\mcufinder/ => C:\Users\non55\.stmcufinder\plugins\mcufinder
2024-02-26 21:15:26,294 [INFO] ApiDb:250 - Set database path to: C:\Users\non55\.stmcufinder\plugins\mcufinder//mcu/
2024-02-26 21:15:26,294 [WARN] DbFile:41 - Overriding database path with different value: C:\Users\non55\.stmcufinder\plugins\mcufinder/ => C:\Users\non55\.stmcufinder\plugins\mcufinder
2024-02-26 21:15:26,294 [INFO] DbMcusAds:125 - Set database path to: C:\Users\non55\.stmcufinder\plugins\mcufinder//mcu/
2024-02-26 21:15:26,294 [WARN] DbFile:41 - Overriding database path with different value: C:\Users\non55\.stmcufinder\plugins\mcufinder/ => C:\Users\non55\.stmcufinder\plugins\mcufinder
2024-02-26 21:15:26,294 [WARN] DbFile:41 - Overriding database path with different value: C:\Users\non55\.stmcufinder\plugins\mcufinder/ => C:\Users\non55\.stmcufinder\plugins\mcufinder
2024-02-26 21:15:26,294 [INFO] CrossReferenceDbSqlite:203 - Set database path to: C:\Users\non55\.stmcufinder\plugins\mcufinder//mcu/cs/
2024-02-26 21:15:26,430 [INFO] MainPanel:264 - HeapMemory: 268435456
2024-02-26 21:15:26,579 [INFO] DbMcusXml:78 - Set database path to: C:\ST\STM32CubeIDE_1.13.2\STM32CubeIDE\plugins\com.st.stm32cube.common.mx_6.10.0.202311202037\\db\/mcu/
2024-02-26 21:15:26,579 [INFO] ApiDb:274 - Set plugin database path to: C:\ST\STM32CubeIDE_1.13.2\STM32CubeIDE\plugins\com.st.stm32cube.common.mx_6.10.0.202311202037\\db\/plugins/boardmanager/
2024-02-26 21:15:26,579 [INFO] ApiDb:261 - Set plugin images path to: C:\ST\STM32CubeIDE_1.13.2\STM32CubeIDE\plugins\com.st.stm32cube.common.mx_6.10.0.202311202037\\db\/plugins/mcufinder/images/
2024-02-26 21:15:26,580 [WARN] DbFile:41 - Overriding database path with different value: C:\Users\non55\.stmcufinder\plugins\mcufinder/ => C:\Users\non55\.stmcufinder\plugins\mcufinder
2024-02-26 21:15:26,580 [INFO] ApiDb:250 - Set database path to: C:\Users\non55\.stmcufinder\plugins\mcufinder//mcu/
2024-02-26 21:15:26,580 [WARN] DbFile:41 - Overriding database path with different value: C:\Users\non55\.stmcufinder\plugins\mcufinder/ => C:\Users\non55\.stmcufinder\plugins\mcufinder
2024-02-26 21:15:26,580 [INFO] DbMcusAds:125 - Set database path to: C:\Users\non55\.stmcufinder\plugins\mcufinder//mcu/
2024-02-26 21:15:26,581 [WARN] DbFile:41 - Overriding database path with different value: C:\Users\non55\.stmcufinder\plugins\mcufinder/ => C:\Users\non55\.stmcufinder\plugins\mcufinder
2024-02-26 21:15:26,581 [WARN] DbFile:41 - Overriding database path with different value: C:\Users\non55\.stmcufinder\plugins\mcufinder/ => C:\Users\non55\.stmcufinder\plugins\mcufinder
2024-02-26 21:15:26,581 [INFO] CrossReferenceDbSqlite:203 - Set database path to: C:\Users\non55\.stmcufinder\plugins\mcufinder//mcu/cs/
2024-02-26 21:15:26,612 [INFO] ApplicationProperties:184 - Using Application install path: C:\ST\STM32CubeIDE_1.13.2\STM32CubeIDE\plugins\com.st.stm32cube.common.mx_6.10.0.202311202037
2024-02-26 21:15:26,615 [INFO] PluginManage:196 - Search for loadable plugins [exclusion list=, ]
2024-02-26 21:15:26,618 [INFO] PluginManage:310 - Check plugin analytics
2024-02-26 21:15:26,944 [INFO] AnalyticsPlugin:253 - Accepted Software Licenses: 
2024-02-26 21:15:26,945 [INFO] AnalyticsPlugin:255 - Accepted CMSIS Pack Licenses: 
2024-02-26 21:15:26,945 [INFO] AnalyticsPlugin:257 - Accepted Firmware Licenses: 
2024-02-26 21:15:26,954 [INFO] PluginManage:359 - Loaded plugin analytics (category:tool,tabindex:-1)
2024-02-26 21:15:26,955 [INFO] PluginManage:310 - Check plugin cadmodel
2024-02-26 21:15:26,983 [INFO] CADModel:105 - Init CAD model plugin
2024-02-26 21:15:26,984 [INFO] PluginManage:359 - Loaded plugin cadmodel (category:power,tabindex:5)
2024-02-26 21:15:26,984 [INFO] PluginManage:310 - Check plugin clock
2024-02-26 21:15:27,019 [INFO] PluginManage:359 - Loaded plugin clock (category:base,tabindex:2)
2024-02-26 21:15:27,019 [INFO] PluginManage:310 - Check plugin ddr
2024-02-26 21:15:27,023 [INFO] PluginManage:359 - Loaded plugin ddr (category:tool,tabindex:6)
2024-02-26 21:15:27,024 [INFO] PluginManage:310 - Check plugin filemanager
2024-02-26 21:15:27,289 [INFO] PluginManage:359 - Loaded plugin filemanager (category:base,tabindex:10)
2024-02-26 21:15:27,290 [INFO] PluginManage:310 - Check plugin ipmanager
2024-02-26 21:15:27,300 [INFO] PluginManage:359 - Loaded plugin ipmanager (category:base,tabindex:5)
2024-02-26 21:15:27,300 [INFO] PluginManage:310 - Check plugin lpbam
2024-02-26 21:15:27,326 [INFO] PluginManage:359 - Loaded plugin lpbam (category:base,tabindex:0)
2024-02-26 21:15:27,327 [INFO] PluginManage:310 - Check plugin memorymap
2024-02-26 21:15:27,356 [INFO] PluginManage:359 - Loaded plugin memorymap (category:base,tabindex:4)
2024-02-26 21:15:27,356 [INFO] PluginManage:310 - Check plugin pinoutandconfiguration
2024-02-26 21:15:27,378 [INFO] PluginManage:359 - Loaded plugin pinoutandconfiguration (category:base,tabindex:1)
2024-02-26 21:15:27,378 [INFO] PluginManage:310 - Check plugin pinoutconfig
2024-02-26 21:15:27,534 [WARN] SupportedApi:132 - Cannot load RTOS API schema: s4s-elt-must-match.1: The content of 'definitions' must match (annotation?, (simpleType | complexType)?, (unique | key | keyref)*)). A problem was found starting at: attribute.
2024-02-26 21:15:27,774 [INFO] PluginManage:359 - Loaded plugin pinoutconfig (category:base,tabindex:0)
2024-02-26 21:15:27,774 [INFO] PluginManage:310 - Check plugin power
2024-02-26 21:15:27,809 [INFO] PluginManage:359 - Loaded plugin power (category:power,tabindex:4)
2024-02-26 21:15:27,809 [INFO] PluginManage:310 - Check plugin projectmanager
2024-02-26 21:15:27,842 [INFO] PluginManage:359 - Loaded plugin projectmanager (category:projectmanager,tabindex:3)
2024-02-26 21:15:27,842 [INFO] PluginManage:310 - Check plugin thirdparty
2024-02-26 21:15:28,286 [INFO] PluginManage:359 - Loaded plugin thirdparty (category:base,tabindex:-1)
2024-02-26 21:15:28,286 [WARN] IntegrityCheckThread:84 - waiting for thirdparty lock release [integrity check]
2024-02-26 21:15:28,286 [INFO] PluginManage:310 - Check plugin tools
2024-02-26 21:15:28,286 [INFO] IntegrityCheckThread:86 - entering critical section [integrity check]
2024-02-26 21:15:28,287 [INFO] ThirdPartyUpdaterWithRetryManager:70 - Updater plugin not ready yet. [1/15]
2024-02-26 21:15:28,352 [INFO] PluginManage:359 - Loaded plugin tools (category:base,tabindex:7)
2024-02-26 21:15:28,352 [INFO] PluginManage:310 - Check plugin tutovideos
2024-02-26 21:15:28,608 [INFO] PluginManage:359 - Loaded plugin tutovideos (category:base,tabindex:-1)
2024-02-26 21:15:28,608 [INFO] PluginManage:310 - Check plugin updater
2024-02-26 21:15:28,621 [INFO] PluginManage:359 - Loaded plugin updater (category:base,tabindex:12)
2024-02-26 21:15:28,621 [INFO] PluginManage:310 - Check plugin userauth
2024-02-26 21:15:28,628 [INFO] UserAuth:114 - Init User Auth plugin
2024-02-26 21:15:28,628 [INFO] PluginManage:359 - Loaded plugin userauth (category:base,tabindex:14)
2024-02-26 21:15:28,629 [INFO] PluginManage:283 - PluginManage : Loaded plugins [17]
2024-02-26 21:15:28,966 [INFO] PinOutPanel:1499 - setPackage(No Configuration,No Configuration)
2024-02-26 21:15:29,080 [INFO] CADModel:165 - CPN selected for project level
2024-02-26 21:15:29,080 [INFO] CADModel:114 - Register for checkConnection events
2024-02-26 21:15:29,111 [INFO] IPUIPlugin:80 - create IPUIPlugin
2024-02-26 21:15:29,111 [INFO] PluginManager:220 - loadIPPluginJar : add adc
2024-02-26 21:15:29,156 [INFO] IPUIPlugin:80 - create IPUIPlugin
2024-02-26 21:15:29,156 [INFO] PluginManager:220 - loadIPPluginJar : add aes
2024-02-26 21:15:29,220 [INFO] IPUIPlugin:80 - create IPUIPlugin
2024-02-26 21:15:29,220 [INFO] PluginManager:220 - loadIPPluginJar : add can
2024-02-26 21:15:29,255 [INFO] IPUIPlugin:80 - create IPUIPlugin
2024-02-26 21:15:29,255 [INFO] PluginManager:220 - loadIPPluginJar : add comp
2024-02-26 21:15:29,295 [INFO] IPUIPlugin:80 - create IPUIPlugin
2024-02-26 21:15:29,296 [INFO] PluginManager:220 - loadIPPluginJar : add cryp
2024-02-26 21:15:29,330 [INFO] IPUIPlugin:80 - create IPUIPlugin
2024-02-26 21:15:29,330 [INFO] PluginManager:220 - loadIPPluginJar : add dfsdm
2024-02-26 21:15:29,346 [INFO] IPUIPlugin:80 - create IPUIPlugin
2024-02-26 21:15:29,347 [INFO] PluginManager:220 - loadIPPluginJar : add dma
2024-02-26 21:15:29,398 [INFO] IPUIPlugin:80 - create IPUIPlugin
2024-02-26 21:15:29,399 [INFO] PluginManager:220 - loadIPPluginJar : add dma3
2024-02-26 21:15:29,425 [INFO] IPUIPlugin:80 - create IPUIPlugin
2024-02-26 21:15:29,425 [INFO] PluginManager:220 - loadIPPluginJar : add fatfs
2024-02-26 21:15:29,494 [INFO] IPUIPlugin:80 - create IPUIPlugin
2024-02-26 21:15:29,494 [INFO] PluginManager:220 - loadIPPluginJar : add fmc
2024-02-26 21:15:29,512 [INFO] IPUIPlugin:80 - create IPUIPlugin
2024-02-26 21:15:29,513 [INFO] PluginManager:220 - loadIPPluginJar : add freertos
2024-02-26 21:15:29,537 [INFO] IPUIPlugin:80 - create IPUIPlugin
2024-02-26 21:15:29,537 [INFO] PluginManager:220 - loadIPPluginJar : add genericplugin
2024-02-26 21:15:29,653 [INFO] IPUIPlugin:80 - create IPUIPlugin
2024-02-26 21:15:29,654 [INFO] PluginManager:220 - loadIPPluginJar : add gfxmmu
2024-02-26 21:15:29,809 [INFO] IPUIPlugin:80 - create IPUIPlugin
2024-02-26 21:15:29,809 [INFO] PluginManager:220 - loadIPPluginJar : add gic
2024-02-26 21:15:29,824 [INFO] IPUIPlugin:80 - create IPUIPlugin
2024-02-26 21:15:29,824 [INFO] PluginManager:220 - loadIPPluginJar : add gpio
2024-02-26 21:15:29,937 [INFO] IPUIPlugin:80 - create IPUIPlugin
2024-02-26 21:15:29,937 [INFO] PluginManager:220 - loadIPPluginJar : add gtzc
2024-02-26 21:15:29,975 [INFO] IPUIPlugin:80 - create IPUIPlugin
2024-02-26 21:15:29,975 [INFO] PluginManager:220 - loadIPPluginJar : add hash
2024-02-26 21:15:30,038 [INFO] IPUIPlugin:80 - create IPUIPlugin
2024-02-26 21:15:30,038 [INFO] PluginManager:220 - loadIPPluginJar : add i2c
2024-02-26 21:15:30,099 [INFO] IPUIPlugin:80 - create IPUIPlugin
2024-02-26 21:15:30,099 [INFO] PluginManager:220 - loadIPPluginJar : add i2s
2024-02-26 21:15:30,148 [INFO] IPUIPlugin:80 - create IPUIPlugin
2024-02-26 21:15:30,149 [INFO] PluginManager:220 - loadIPPluginJar : add i3c
2024-02-26 21:15:30,278 [INFO] IPUIPlugin:80 - create IPUIPlugin
2024-02-26 21:15:30,279 [INFO] PluginManager:220 - loadIPPluginJar : add ipddr
2024-02-26 21:15:30,406 [INFO] IPUIPlugin:80 - create IPUIPlugin
2024-02-26 21:15:30,406 [INFO] PluginManager:220 - loadIPPluginJar : add linkedlist
2024-02-26 21:15:30,450 [INFO] IPUIPlugin:80 - create IPUIPlugin
2024-02-26 21:15:30,450 [INFO] PluginManager:220 - loadIPPluginJar : add lorawan
2024-02-26 21:15:30,493 [INFO] IPUIPlugin:80 - create IPUIPlugin
2024-02-26 21:15:30,493 [INFO] PluginManager:220 - loadIPPluginJar : add ltdc
2024-02-26 21:15:30,509 [INFO] IPUIPlugin:80 - create IPUIPlugin
2024-02-26 21:15:30,509 [INFO] PluginManager:220 - loadIPPluginJar : add mdma
2024-02-26 21:15:30,523 [INFO] IPUIPlugin:80 - create IPUIPlugin
2024-02-26 21:15:30,523 [INFO] PluginManager:220 - loadIPPluginJar : add nvic
2024-02-26 21:15:30,564 [INFO] IPUIPlugin:80 - create IPUIPlugin
2024-02-26 21:15:30,565 [INFO] PluginManager:220 - loadIPPluginJar : add opamp
2024-02-26 21:15:30,634 [INFO] IPUIPlugin:80 - create IPUIPlugin
2024-02-26 21:15:30,635 [INFO] PluginManager:220 - loadIPPluginJar : add openamp
2024-02-26 21:15:30,685 [INFO] IPUIPlugin:80 - create IPUIPlugin
2024-02-26 21:15:30,685 [INFO] PluginManager:220 - loadIPPluginJar : add pdm2pcm
2024-02-26 21:15:30,703 [INFO] IPUIPlugin:80 - create IPUIPlugin
2024-02-26 21:15:30,706 [INFO] PluginManager:220 - loadIPPluginJar : add plateformsettings
2024-02-26 21:15:30,731 [INFO] IPUIPlugin:80 - create IPUIPlugin
2024-02-26 21:15:30,731 [INFO] PluginManager:220 - loadIPPluginJar : add quadspi
2024-02-26 21:15:30,745 [INFO] IPUIPlugin:80 - create IPUIPlugin
2024-02-26 21:15:30,745 [INFO] PluginManager:220 - loadIPPluginJar : add resmgrutility
2024-02-26 21:15:30,818 [INFO] IPUIPlugin:80 - create IPUIPlugin
2024-02-26 21:15:30,818 [INFO] PluginManager:220 - loadIPPluginJar : add sai
2024-02-26 21:15:30,877 [INFO] IPUIPlugin:80 - create IPUIPlugin
2024-02-26 21:15:30,877 [INFO] PluginManager:220 - loadIPPluginJar : add spi
2024-02-26 21:15:30,960 [INFO] IPUIPlugin:80 - create IPUIPlugin
2024-02-26 21:15:30,961 [INFO] PluginManager:220 - loadIPPluginJar : add stm32_wpan
2024-02-26 21:15:30,989 [INFO] IPUIPlugin:80 - create IPUIPlugin
2024-02-26 21:15:30,989 [INFO] PluginManager:220 - loadIPPluginJar : add tim
2024-02-26 21:15:31,059 [INFO] IPUIPlugin:80 - create IPUIPlugin
2024-02-26 21:15:31,060 [INFO] PluginManager:220 - loadIPPluginJar : add touchsensing
2024-02-26 21:15:31,093 [INFO] IPUIPlugin:80 - create IPUIPlugin
2024-02-26 21:15:31,093 [INFO] PluginManager:220 - loadIPPluginJar : add tracer_emb
2024-02-26 21:15:31,123 [INFO] IPUIPlugin:80 - create IPUIPlugin
2024-02-26 21:15:31,123 [INFO] PluginManager:220 - loadIPPluginJar : add ts
2024-02-26 21:15:31,147 [INFO] IPUIPlugin:80 - create IPUIPlugin
2024-02-26 21:15:31,147 [INFO] PluginManager:220 - loadIPPluginJar : add tsc
2024-02-26 21:15:31,172 [INFO] IPUIPlugin:80 - create IPUIPlugin
2024-02-26 21:15:31,173 [INFO] PluginManager:220 - loadIPPluginJar : add ucpd
2024-02-26 21:15:31,229 [INFO] IPUIPlugin:80 - create IPUIPlugin
2024-02-26 21:15:31,229 [INFO] PluginManager:220 - loadIPPluginJar : add usart
2024-02-26 21:15:31,283 [INFO] IPUIPlugin:80 - create IPUIPlugin
2024-02-26 21:15:31,283 [INFO] PluginManager:220 - loadIPPluginJar : add usbx
2024-02-26 21:15:31,290 [INFO] ThirdPartyUpdaterWithRetryManager:70 - Updater plugin not ready yet. [2/15]
2024-02-26 21:15:31,438 [INFO] CADModel:165 - CPN selected for project level
2024-02-26 21:15:31,438 [INFO] CADModel:114 - Register for checkConnection events
2024-02-26 21:15:31,438 [FATAL] Updater:308 - Updater called before beeing initialized
2024-02-26 21:15:31,438 [ERROR] CADModel:125 - Updater not yet initialized, retry later 
2024-02-26 21:15:31,624 [INFO] CADModel:165 - CPN selected for project level
2024-02-26 21:15:31,624 [INFO] CADModel:114 - Register for checkConnection events
2024-02-26 21:15:31,624 [FATAL] Updater:308 - Updater called before beeing initialized
2024-02-26 21:15:31,625 [ERROR] CADModel:125 - Updater not yet initialized, retry later 
2024-02-26 21:15:31,628 [FATAL] Updater:308 - Updater called before beeing initialized
2024-02-26 21:15:31,814 [FATAL] Updater:308 - Updater called before beeing initialized
2024-02-26 21:15:31,827 [INFO] DbMcusAds:53 - JSON generation date=Wed Nov 29 12:52:27 IST 2023 (1701255147349)
2024-02-26 21:15:31,827 [FATAL] Updater:308 - Updater called before beeing initialized
2024-02-26 21:15:31,928 [WARN] DetailPanel:346 - Failed to get advertising image, set to default
2024-02-26 21:15:32,046 [FATAL] Updater:308 - Updater called before beeing initialized
2024-02-26 21:15:32,049 [FATAL] Updater:308 - Updater called before beeing initialized
2024-02-26 21:15:32,049 [FATAL] Updater:308 - Updater called before beeing initialized
2024-02-26 21:15:32,049 [WARN] DetailPanel:346 - Failed to get advertising image, set to default
2024-02-26 21:15:32,050 [FATAL] Updater:308 - Updater called before beeing initialized
2024-02-26 21:15:32,135 [ERROR] Updater:1120 - MainUpdater not yet initialized. External WinMGr cannot be set.
2024-02-26 21:15:32,148 [INFO] Updater:1056 - Updater Version found : 6.10.0
2024-02-26 21:15:32,169 [INFO] ApplicationProperties:184 - Using Application install path: C:\ST\STM32CubeIDE_1.13.2\STM32CubeIDE\plugins\com.st.stm32cube.common.mx_6.10.0.202311202037
2024-02-26 21:15:32,690 [INFO] MainUpdater:2873 - connection check result : 10
2024-02-26 21:15:32,692 [INFO] MainUpdater:290 - Updater Check For Update Now.
2024-02-26 21:15:32,692 [INFO] MicroXplorer:498 - Change Database Version : DB.6.0.100
2024-02-26 21:15:32,728 [INFO] McuFinderGlobals:63 - Set McuFinder mode to 2 (CubeIDE integrated)
2024-02-26 21:15:32,728 [INFO] UserAuth:180 - activating auth plugin
2024-02-26 21:15:32,731 [INFO] UserAuth:404 - Internet connection configuration mode: 1
2024-02-26 21:15:32,780 [INFO] JxBrowserEngine:152 - Initiate JxBrowser Engine with user profile folder
2024-02-26 21:15:33,033 [INFO] CheckServerUpdateThread:120 - End of CheckServer Thread
2024-02-26 21:15:34,636 [WARN] PackLoader:240 - Cannot read IP mode file for STMicroelectronics.X-CUBE-SMBUS.2.1.0
2024-02-26 21:15:34,658 [WARN] PackLoader:240 - Cannot read IP mode file for STMicroelectronics.X-CUBE-TOUCHGFX.4.23.0
2024-02-26 21:15:34,763 [WARN] PackLoader:240 - Cannot read IP mode file for STMicroelectronics.X-CUBE-AZRTOS-F7.1.1.0
2024-02-26 21:15:34,803 [WARN] PackLoader:240 - Cannot read IP mode file for STMicroelectronics.FP-SNS-MOTENV1.4.3.2
2024-02-26 21:15:34,839 [WARN] PackLoader:240 - Cannot read IP mode file for STMicroelectronics.FP-SNS-FLIGHT1.5.0.2
2024-02-26 21:15:34,879 [WARN] PackLoader:240 - Cannot read IP mode file for STMicroelectronics.X-CUBE-DISPLAY.3.0.0
2024-02-26 21:15:34,921 [WARN] PackLoader:240 - Cannot read IP mode file for STMicroelectronics.X-CUBE-BLE1.7.0.0
2024-02-26 21:15:34,968 [WARN] PackLoader:240 - Cannot read IP mode file for emotas.I-CUBE-CANOPEN.1.3.0
2024-02-26 21:15:34,993 [WARN] PackLoader:240 - Cannot read IP mode file for STMicroelectronics.X-CUBE-TOUCHGFX.4.22.1
2024-02-26 21:15:35,018 [WARN] PackLoader:240 - Cannot read IP mode file for STMicroelectronics.FP-SNS-SMARTAG2.1.2.0
2024-02-26 21:15:35,062 [INFO] LogOutputStream:77 - [STDOUT_REDIRECT] 1 : Invalid condition id : UX_CORESTACK_Condition cause : null
2024-02-26 21:15:35,063 [INFO] LogOutputStream:77 - [STDOUT_REDIRECT] 1 : Invalid condition id : UX_CORESTACK_Condition cause : null
2024-02-26 21:15:35,066 [INFO] LogOutputStream:77 - [STDOUT_REDIRECT] 1 : Invalid condition id : UX_CORESTACK_Condition cause : null
2024-02-26 21:15:35,073 [INFO] LogOutputStream:77 - [STDOUT_REDIRECT] 1 : Invalid condition id : UX_CORESTACK_Condition cause : null
2024-02-26 21:15:35,075 [INFO] LogOutputStream:77 - [STDOUT_REDIRECT] 1 : Invalid condition id : UX_CORESTACK_Condition cause : null
2024-02-26 21:15:35,088 [WARN] PackLoader:240 - Cannot read IP mode file for STMicroelectronics.X-CUBE-AZRTOS-WL.2.0.0
2024-02-26 21:15:35,119 [WARN] PackLoader:240 - Cannot read IP mode file for WES.I-CUBE-Cesium.1.3.0
2024-02-26 21:15:35,157 [WARN] PackLoader:240 - Cannot read IP mode file for STMicroelectronics.X-CUBE-BLE2.3.3.0
2024-02-26 21:15:35,204 [WARN] PackLoader:240 - Cannot read IP mode file for STMicroelectronics.X-CUBE-ALGOBUILD.1.3.0
2024-02-26 21:15:35,258 [WARN] PackLoader:240 - Cannot read IP mode file for STMicroelectronics.X-CUBE-AZRTOS-G0.1.1.0
2024-02-26 21:15:35,308 [WARN] PackLoader:240 - Cannot read IP mode file for STMicroelectronics.X-CUBE-NFC4.3.0.0
2024-02-26 21:15:35,350 [WARN] PackLoader:240 - Cannot read IP mode file for STMicroelectronics.X-CUBE-BLEMGR.3.0.0
2024-02-26 21:15:35,374 [WARN] PackLoader:240 - Cannot read IP mode file for STMicroelectronics.FP-ATR-SIGFOX1.3.2.0
2024-02-26 21:15:35,397 [WARN] PackLoader:240 - Cannot read IP mode file for STMicroelectronics.X-CUBE-EEPRMA1.5.1.0
2024-02-26 21:15:35,482 [WARN] PackLoader:240 - Cannot read IP mode file for SEGGER.I-CUBE-embOS.1.3.1
2024-02-26 21:15:35,693 [WARN] PackLoader:240 - Cannot read IP mode file for STMicroelectronics.X-CUBE-GNSS1.6.0.0
2024-02-26 21:15:35,778 [WARN] PackLoader:240 - Cannot read IP mode file for STMicroelectronics.X-CUBE-AZRTOS-F4.1.1.0
2024-02-26 21:15:35,805 [WARN] PackLoader:240 - Cannot read IP mode file for wolfSSL.I-CUBE-wolfSSL.5.6.4
2024-02-26 21:15:35,860 [WARN] PackLoader:240 - Cannot read IP mode file for STMicroelectronics.X-CUBE-AZRTOS-L5.2.0.0
2024-02-26 21:15:35,890 [WARN] PackLoader:240 - Cannot read IP mode file for STMicroelectronics.X-CUBE-EEPRMA1.4.2.0
2024-02-26 21:15:35,925 [WARN] PackLoader:240 - Cannot read IP mode file for ITTIA_DB.I-CUBE-ITTIADB.8.8.0
2024-02-26 21:15:35,977 [WARN] ConditionMgr:438 - getConditionDescription Invalid condition id : UX DEVICE CLASS RTOS Condition cause : null
2024-02-26 21:15:35,977 [WARN] ConditionMgr:438 - getConditionDescription Invalid condition id : UX DEVICE CLASS RTOS Condition cause : null
2024-02-26 21:15:35,982 [WARN] PackLoader:240 - Cannot read IP mode file for STMicroelectronics.X-CUBE-AZRTOS-H7.3.1.0
2024-02-26 21:15:35,984 [WARN] ConditionMgr:1039 - genDependencies : Invalid condition id : UX DEVICE CLASS RTOS Condition cause : null
2024-02-26 21:15:35,985 [WARN] ConditionMgr:1039 - genDependencies : Invalid condition id : UX DEVICE CLASS RTOS Condition cause : null
2024-02-26 21:15:35,986 [WARN] ConditionMgr:1039 - genDependencies : Invalid condition id : UX DEVICE CLASS RTOS Condition cause : null
2024-02-26 21:15:35,987 [WARN] ConditionMgr:1039 - genDependencies : Invalid condition id : UX DEVICE CLASS RTOS Condition cause : null
2024-02-26 21:15:35,988 [WARN] ConditionMgr:1039 - genDependencies : Invalid condition id : UX DEVICE CLASS RTOS Condition cause : null
2024-02-26 21:15:36,030 [WARN] PackLoader:240 - Cannot read IP mode file for STMicroelectronics.X-CUBE-NFC7.1.0.1
2024-02-26 21:15:36,071 [WARN] PackLoader:240 - Cannot read IP mode file for STMicroelectronics.X-CUBE-NFC6.3.0.0
2024-02-26 21:15:36,104 [WARN] PackLoader:240 - Cannot read IP mode file for STMicroelectronics.X-CUBE-AI.8.1.0
2024-02-26 21:15:36,162 [WARN] ConditionMgr:438 - getConditionDescription Invalid condition id : LAN8742 Phy interface Condition cause : null
2024-02-26 21:15:36,163 [WARN] PackLoader:240 - Cannot read IP mode file for STMicroelectronics.X-CUBE-AZRTOS-L4.2.0.0
2024-02-26 21:15:36,179 [WARN] ConditionMgr:1039 - genDependencies : Invalid condition id : LAN8742 Phy interface Condition cause : null
2024-02-26 21:15:36,179 [WARN] ConditionMgr:1039 - genDependencies : Invalid condition id : LAN8742 Phy interface Condition cause : null
2024-02-26 21:15:36,180 [WARN] ConditionMgr:1039 - genDependencies : Invalid condition id : LAN8742 Phy interface Condition cause : null
2024-02-26 21:15:36,210 [WARN] PackLoader:240 - Cannot read IP mode file for STMicroelectronics.X-CUBE-SFXS2LP1.4.0.0
2024-02-26 21:15:36,233 [WARN] PackLoader:240 - Cannot read IP mode file for STMicroelectronics.X-CUBE-ISPU.1.1.0
2024-02-26 21:15:36,667 [WARN] ConditionMgr:438 - getConditionDescription Invalid condition id : UX DEVICE CLASS RTOS Condition cause : null
2024-02-26 21:15:36,668 [WARN] ConditionMgr:438 - getConditionDescription Invalid condition id : UX DEVICE CLASS RTOS Condition cause : null
2024-02-26 21:15:36,671 [WARN] PackLoader:240 - Cannot read IP mode file for STMicroelectronics.X-CUBE-AZRTOS-WB.2.0.0
2024-02-26 21:15:36,672 [WARN] ConditionMgr:1039 - genDependencies : Invalid condition id : UX DEVICE CLASS RTOS Condition cause : null
2024-02-26 21:15:36,672 [WARN] ConditionMgr:1039 - genDependencies : Invalid condition id : UX DEVICE CLASS RTOS Condition cause : null
2024-02-26 21:15:36,673 [WARN] ConditionMgr:1039 - genDependencies : Invalid condition id : UX DEVICE CLASS RTOS Condition cause : null
2024-02-26 21:15:36,674 [WARN] ConditionMgr:1039 - genDependencies : Invalid condition id : UX DEVICE CLASS RTOS Condition cause : null
2024-02-26 21:15:36,674 [WARN] ConditionMgr:1039 - genDependencies : Invalid condition id : UX DEVICE CLASS RTOS Condition cause : null
2024-02-26 21:15:36,719 [WARN] PackLoader:240 - Cannot read IP mode file for STMicroelectronics.X-CUBE-SUBG2.5.0.0
2024-02-26 21:15:36,776 [WARN] PackLoader:240 - Cannot read IP mode file for STMicroelectronics.X-CUBE-AZRTOS-G4.2.0.0
2024-02-26 21:15:36,822 [WARN] PackLoader:240 - Cannot read IP mode file for Infineon.AIROC-Wi-Fi-Bluetooth-STM32.1.5.1
2024-02-26 21:15:36,858 [WARN] PackLoader:240 - Cannot read IP mode file for STMicroelectronics.FP-SNS-MOTENVWB1.1.3.0
2024-02-26 21:15:36,933 [WARN] PackLoader:240 - Cannot read IP mode file for STMicroelectronics.FP-SNS-MOTENVWB1.1.3.1
2024-02-26 21:15:36,966 [WARN] PackLoader:240 - Cannot read IP mode file for STMicroelectronics.X-CUBE-ISPU.2.0.0
2024-02-26 21:15:37,332 [WARN] PackLoader:240 - Cannot read IP mode file for STMicroelectronics.X-CUBE-MEMS1.10.0.0
2024-02-26 21:15:37,598 [INFO] WebApp:161 - Instantiating new browser for Auth
2024-02-26 21:15:37,803 [WARN] PackLoader:240 - Cannot read IP mode file for STMicroelectronics.X-CUBE-FREERTOS.1.1.0
2024-02-26 21:15:37,830 [WARN] PackLoader:240 - Cannot read IP mode file for portGmbH.I-Cube-SoM-uGOAL.1.1.0
2024-02-26 21:15:37,943 [WARN] PackLoader:240 - Cannot read IP mode file for STMicroelectronics.X-CUBE-ALS.1.0.1
2024-02-26 21:15:38,049 [WARN] PackLoader:240 - Cannot read IP mode file for STMicroelectronics.FP-ATR-ASTRA1.2.0.0
2024-02-26 21:15:38,085 [WARN] PackLoader:240 - Cannot read IP mode file for STMicroelectronics.X-CUBE-TOF1.3.4.0
2024-02-26 21:15:38,297 [WARN] PackLoader:240 - Cannot read IP mode file for STMicroelectronics.X-CUBE-AZRTOS-H7.3.2.0
2024-02-26 21:15:38,304 [INFO] ThirdParty:978 - Integrity check success = true
2024-02-26 21:15:38,304 [INFO] IntegrityCheckThread:100 - exiting critical section [integrity check]
2024-02-26 21:15:38,304 [INFO] IntegrityCheckThread:103 - End integrity checks thread
2024-02-26 21:15:39,726 [INFO] WebApp:780 - Register for checkConnection events
2024-02-26 21:15:39,726 [INFO] WebApp:414 - Apply proxy settings
2024-02-26 21:15:39,726 [INFO] WebApp:499 - Chromium requires no authentication
2024-02-26 21:15:39,741 [INFO] WebApp:442 - Direct internet connection detected
2024-02-26 21:15:40,110 [INFO] WebApp:192 - Starting web application
2024-02-26 21:15:40,110 [INFO] WebApp:544 - Web application path used C:\ST\STM32CubeIDE_1.13.2\STM32CubeIDE\plugins\com.st.stm32cube.common.mx_6.10.0.202311202037\db\plugins\mcufinder\reactClient1\index.html
2024-02-26 21:16:01,567 [ERROR] LogOutputStream:75 - [STDERR_REDIRECT] SLF4J: Failed to load class "org.slf4j.impl.StaticLoggerBinder".
2024-02-26 21:16:01,567 [ERROR] LogOutputStream:75 - [STDERR_REDIRECT] SLF4J: Defaulting to no-operation (NOP) logger implementation
2024-02-26 21:16:01,569 [ERROR] LogOutputStream:75 - [STDERR_REDIRECT] SLF4J: See http://www.slf4j.org/codes.html#StaticLoggerBinder for further details.
